app/build/outputs/logs/manifest-merger-debug-report.txt
-- Merging decision tree log ---
manifest
ADDED from src\main\AndroidManifest.xml:2:1-766:12
	package
		ADDED from src\main\AndroidManifest.xml:3:5-30
		INJECTED from src\main\AndroidManifest.xml
		INJECTED from src\main\AndroidManifest.xml
	android:versionName
		ADDED from src\main\AndroidManifest.xml:5:5-30
		INJECTED from src\main\AndroidManifest.xml
		INJECTED from src\main\AndroidManifest.xml
	android:versionCode
		ADDED from src\main\AndroidManifest.xml:4:5-28
		INJECTED from src\main\AndroidManifest.xml
		INJECTED from src\main\AndroidManifest.xml
	xmlns:android
		ADDED from src\main\AndroidManifest.xml:2:11-69
uses-sdk
ADDED from src\main\AndroidManifest.xml:7:5-9:41
MERGED from [com.android.support.constraint:constraint-layout:1.1.0-beta3] AndroidManifest.xml:5:5-7:41
MERGED from [com.android.support:cardview-v7:25.4.0] AndroidManifest.xml:20:5-43
MERGED from [com.android.volley:volley:1.0.0] AndroidManifest.xml:7:5-43
MERGED from [com.github.MdFarhanRaja:SearchableSpinner:1.2] AndroidManifest.xml:7:5-9:41
MERGED from [com.miguelcatalan:materialsearchview:1.4.0] AndroidManifest.xml:7:5-9:41
MERGED from [com.android.support:design:25.4.0] AndroidManifest.xml:21:5-23:62
MERGED from [com.android.support:appcompat-v7:25.4.0] AndroidManifest.xml:21:5-23:78
MERGED from [com.android.support:animated-vector-drawable:25.4.0] AndroidManifest.xml:20:5-44
MERGED from [com.android.support:support-vector-drawable:25.4.0] AndroidManifest.xml:20:5-43
MERGED from [com.android.support:recyclerview-v7:25.4.0] AndroidManifest.xml:20:5-43
MERGED from [com.android.support:transition:25.4.0] AndroidManifest.xml:20:5-44
MERGED from [com.android.support:support-v4:25.4.0] AndroidManifest.xml:21:5-23:54
MERGED from [com.android.support:support-fragment:25.4.0] AndroidManifest.xml:21:5-23:60
MERGED from [com.android.support:support-media-compat:25.4.0] AndroidManifest.xml:21:5-23:63
MERGED from [com.android.support:support-core-ui:25.4.0] AndroidManifest.xml:21:5-23:58
MERGED from [com.android.support:support-core-utils:25.4.0] AndroidManifest.xml:21:5-23:61
MERGED from [com.android.support:support-compat:25.4.0] AndroidManifest.xml:21:5-23:58
	tools:overrideLibrary
		ADDED from [com.android.support:design:25.4.0] AndroidManifest.xml:23:9-59
	android:targetSdkVersion
		ADDED from src\main\AndroidManifest.xml:9:9-38
		INJECTED from src\main\AndroidManifest.xml
		INJECTED from src\main\AndroidManifest.xml
	android:minSdkVersion
		ADDED from src\main\AndroidManifest.xml:8:9-34
		INJECTED from src\main\AndroidManifest.xml
		INJECTED from src\main\AndroidManifest.xml
uses-permission#android.permission.INTERNET
ADDED from src\main\AndroidManifest.xml:11:5-67
	android:name
		ADDED from src\main\AndroidManifest.xml:11:22-64
uses-permission#android.permission.WRITE_EXTERNAL_STORAGE
ADDED from src\main\AndroidManifest.xml:12:5-81
	android:name
		ADDED from src\main\AndroidManifest.xml:12:22-78
uses-permission#android.permission.READ_PHONE_STATE
ADDED from src\main\AndroidManifest.xml:13:5-75
	android:name
		ADDED from src\main\AndroidManifest.xml:13:22-72
uses-permission#android.permission.READ_EXTERNAL_STORAGE
ADDED from src\main\AndroidManifest.xml:14:5-80
	android:name
		ADDED from src\main\AndroidManifest.xml:14:22-77
application
ADDED from src\main\AndroidManifest.xml:16:5-764:19
MERGED from [com.android.support.constraint:constraint-layout:1.1.0-beta3] AndroidManifest.xml:9:5-20
MERGED from [com.android.support:cardview-v7:25.4.0] AndroidManifest.xml:22:5-26:19
MERGED from [com.android.volley:volley:1.0.0] AndroidManifest.xml:9:5-20
MERGED from [com.github.MdFarhanRaja:SearchableSpinner:1.2] AndroidManifest.xml:11:5-15:19
MERGED from [com.miguelcatalan:materialsearchview:1.4.0] AndroidManifest.xml:11:5-20
MERGED from [com.android.support:design:25.4.0] AndroidManifest.xml:25:5-29:19
MERGED from [com.android.support:appcompat-v7:25.4.0] AndroidManifest.xml:25:5-29:19
MERGED from [com.android.support:animated-vector-drawable:25.4.0] AndroidManifest.xml:22:5-26:19
MERGED from [com.android.support:support-vector-drawable:25.4.0] AndroidManifest.xml:22:5-26:19
MERGED from [com.android.support:recyclerview-v7:25.4.0] AndroidManifest.xml:22:5-26:19
MERGED from [com.android.support:transition:25.4.0] AndroidManifest.xml:22:5-26:19
MERGED from [com.android.support:support-v4:25.4.0] AndroidManifest.xml:25:5-29:19
MERGED from [com.android.support:support-fragment:25.4.0] AndroidManifest.xml:25:5-29:19
MERGED from [com.android.support:support-media-compat:25.4.0] AndroidManifest.xml:25:5-29:19
MERGED from [com.android.support:support-core-ui:25.4.0] AndroidManifest.xml:25:5-29:19
MERGED from [com.android.support:support-core-utils:25.4.0] AndroidManifest.xml:25:5-29:19
MERGED from [com.android.support:support-compat:25.4.0] AndroidManifest.xml:25:5-29:19
	android:label
		ADDED from src\main\AndroidManifest.xml:20:9-41
	android:supportsRtl
		ADDED from [com.github.MdFarhanRaja:SearchableSpinner:1.2] AndroidManifest.xml:14:9-35
	android:allowBackup
		ADDED from src\main\AndroidManifest.xml:18:9-35
	android:icon
		ADDED from src\main\AndroidManifest.xml:19:9-42
	android:theme
		ADDED from src\main\AndroidManifest.xml:21:9-40
	android:name
		ADDED from src\main\AndroidManifest.xml:17:9-42
activity#afyapepe.mobile.activity.alaglist
ADDED from src\main\AndroidManifest.xml:22:9-55
	android:name
		ADDED from src\main\AndroidManifest.xml:22:19-52
activity#afyapepe.mobile.activity.histyhisty
ADDED from src\main\AndroidManifest.xml:23:9-57
	android:name
		ADDED from src\main\AndroidManifest.xml:23:19-54
activity#afyapepe.mobile.activity.LoginActivity
ADDED from src\main\AndroidManifest.xml:24:9-35:20
	android:label
		ADDED from src\main\AndroidManifest.xml:26:13-45
	android:launchMode
		ADDED from src\main\AndroidManifest.xml:27:13-43
	android:windowSoftInputMode
		ADDED from src\main\AndroidManifest.xml:29:13-52
	android:theme
		ADDED from src\main\AndroidManifest.xml:28:13-51
	android:name
		ADDED from src\main\AndroidManifest.xml:25:13-51
intent-filter#android.intent.action.MAIN+android.intent.category.LAUNCHER
ADDED from src\main\AndroidManifest.xml:30:13-34:29
action#android.intent.action.MAIN
ADDED from src\main\AndroidManifest.xml:31:17-69
	android:name
		ADDED from src\main\AndroidManifest.xml:31:25-66
category#android.intent.category.LAUNCHER
ADDED from src\main\AndroidManifest.xml:33:17-77
	android:name
		ADDED from src\main\AndroidManifest.xml:33:27-74
activity#afyapepe.mobile.activity.SplashActivity
ADDED from src\main\AndroidManifest.xml:36:9-39:50
	android:label
		ADDED from src\main\AndroidManifest.xml:38:13-45
	android:theme
		ADDED from src\main\AndroidManifest.xml:39:13-47
	android:name
		ADDED from src\main\AndroidManifest.xml:37:13-52
activity#afyapepe.mobile.activity.RegisterActivity
ADDED from src\main\AndroidManifest.xml:40:9-45:55
	android:label
		ADDED from src\main\AndroidManifest.xml:42:13-45
	android:launchMode
		ADDED from src\main\AndroidManifest.xml:43:13-43
	android:windowSoftInputMode
		ADDED from src\main\AndroidManifest.xml:45:13-52
	android:theme
		ADDED from src\main\AndroidManifest.xml:44:13-51
	android:name
		ADDED from src\main\AndroidManifest.xml:41:13-54
activity#afyapepe.mobile.activity.Registrar
ADDED from src\main\AndroidManifest.xml:46:9-56
	android:name
		ADDED from src\main\AndroidManifest.xml:46:19-53
activity#afyapepe.mobile.activity.Admin
ADDED from src\main\AndroidManifest.xml:47:9-52
	android:name
		ADDED from src\main\AndroidManifest.xml:47:19-49
activity#afyapepe.mobile.activity.PharmMan
ADDED from src\main\AndroidManifest.xml:48:9-55
	android:name
		ADDED from src\main\AndroidManifest.xml:48:19-52
activity#afyapepe.mobile.activity.PharmSto
ADDED from src\main\AndroidManifest.xml:49:9-55
	android:name
		ADDED from src\main\AndroidManifest.xml:49:19-52
activity#afyapepe.mobile.activity.FacilityAdm
ADDED from src\main\AndroidManifest.xml:50:9-58
	android:name
		ADDED from src\main\AndroidManifest.xml:50:19-55
activity#afyapepe.mobile.activity.registrarpage
ADDED from src\main\AndroidManifest.xml:51:9-60
	android:name
		ADDED from src\main\AndroidManifest.xml:51:19-57
activity#afyapepe.mobile.activity.BaseActivity
ADDED from src\main\AndroidManifest.xml:52:9-54:48
	android:label
		ADDED from src\main\AndroidManifest.xml:54:13-45
	android:name
		ADDED from src\main\AndroidManifest.xml:53:13-50
activity#afyapepe.mobile.activity.Registafya
ADDED from src\main\AndroidManifest.xml:55:9-59:54
	android:label
		ADDED from src\main\AndroidManifest.xml:58:13-62
	android:configChanges
		ADDED from src\main\AndroidManifest.xml:57:13-74
	android:theme
		ADDED from src\main\AndroidManifest.xml:59:13-51
	android:name
		ADDED from src\main\AndroidManifest.xml:56:13-48
activity#afyapepe.mobile.activity.Registactiv
ADDED from src\main\AndroidManifest.xml:60:9-58
	android:name
		ADDED from src\main\AndroidManifest.xml:60:19-55
activity#afyapepe.mobile.activity.Doctorn
ADDED from src\main\AndroidManifest.xml:61:9-54
	android:name
		ADDED from src\main\AndroidManifest.xml:61:19-51
activity#afyapepe.mobile.activity.Nurse
ADDED from src\main\AndroidManifest.xml:62:9-52
	android:name
		ADDED from src\main\AndroidManifest.xml:62:19-49
activity#afyapepe.mobile.activity.Manufacturer
ADDED from src\main\AndroidManifest.xml:63:9-59
	android:name
		ADDED from src\main\AndroidManifest.xml:63:19-56
activity#afyapepe.mobile.activity.Patient
ADDED from src\main\AndroidManifest.xml:64:9-54
	android:name
		ADDED from src\main\AndroidManifest.xml:64:19-51
activity#afyapepe.mobile.activity.Private
ADDED from src\main\AndroidManifest.xml:65:9-54
	android:name
		ADDED from src\main\AndroidManifest.xml:65:19-51
activity#afyapepe.mobile.activity.PharmacyStoKep
ADDED from src\main\AndroidManifest.xml:66:9-61
	android:name
		ADDED from src\main\AndroidManifest.xml:66:19-58
activity#afyapepe.mobile.activity.PharmacyMan
ADDED from src\main\AndroidManifest.xml:67:9-58
	android:name
		ADDED from src\main\AndroidManifest.xml:67:19-55
activity#afyapepe.mobile.activity.RegistScreen
ADDED from src\main\AndroidManifest.xml:68:9-59
	android:name
		ADDED from src\main\AndroidManifest.xml:68:19-56
activity#afyapepe.mobile.activity.tpatient
ADDED from src\main\AndroidManifest.xml:69:9-55
	android:name
		ADDED from src\main\AndroidManifest.xml:69:19-52
activity#afyapepe.mobile.activity.apatient
ADDED from src\main\AndroidManifest.xml:70:9-55
	android:name
		ADDED from src\main\AndroidManifest.xml:70:19-52
activity#afyapepe.mobile.activity.consulfee
ADDED from src\main\AndroidManifest.xml:71:9-56
	android:name
		ADDED from src\main\AndroidManifest.xml:71:19-53
activity#afyapepe.mobile.activity.indpatients
ADDED from src\main\AndroidManifest.xml:72:9-58
	android:name
		ADDED from src\main\AndroidManifest.xml:72:19-55
activity#afyapepe.mobile.activity.Item1Activity
ADDED from src\main\AndroidManifest.xml:73:9-60
	android:name
		ADDED from src\main\AndroidManifest.xml:73:19-57
activity#afyapepe.mobile.activity.Item2Activity
ADDED from src\main\AndroidManifest.xml:74:9-60
	android:name
		ADDED from src\main\AndroidManifest.xml:74:19-57
activity#afyapepe.mobile.activity.Item3Activity
ADDED from src\main\AndroidManifest.xml:75:9-60
	android:name
		ADDED from src\main\AndroidManifest.xml:75:19-57
activity#afyapepe.mobile.activity.Item4Activity
ADDED from src\main\AndroidManifest.xml:76:9-60
	android:name
		ADDED from src\main\AndroidManifest.xml:76:19-57
activity#afyapepe.mobile.activity.Item5Activity
ADDED from src\main\AndroidManifest.xml:77:9-60
	android:name
		ADDED from src\main\AndroidManifest.xml:77:19-57
activity#afyapepe.mobile.activity.Main2Activity
ADDED from src\main\AndroidManifest.xml:78:9-81:59
	android:label
		ADDED from src\main\AndroidManifest.xml:80:13-57
	android:theme
		ADDED from src\main\AndroidManifest.xml:81:13-56
	android:name
		ADDED from src\main\AndroidManifest.xml:79:13-51
activity#afyapepe.mobile.activity.Contact_info
ADDED from src\main\AndroidManifest.xml:82:9-59
	android:name
		ADDED from src\main\AndroidManifest.xml:82:19-56
activity#afyapepe.mobile.activity.AllergyList
ADDED from src\main\AndroidManifest.xml:83:9-58
	android:name
		ADDED from src\main\AndroidManifest.xml:83:19-55
activity#afyapepe.mobile.activity.VaccinationList
ADDED from src\main\AndroidManifest.xml:84:9-62
	android:name
		ADDED from src\main\AndroidManifest.xml:84:19-59
activity#afyapepe.mobile.activity.History
ADDED from src\main\AndroidManifest.xml:85:9-54
	android:name
		ADDED from src\main\AndroidManifest.xml:85:19-51
activity#afyapepe.mobile.activity.Test
ADDED from src\main\AndroidManifest.xml:86:9-51
	android:name
		ADDED from src\main\AndroidManifest.xml:86:19-48
activity#afyapepe.mobile.activity.Prescriptions
ADDED from src\main\AndroidManifest.xml:87:9-60
	android:name
		ADDED from src\main\AndroidManifest.xml:87:19-57
activity#afyapepe.mobile.activity.HospitalAdmission
ADDED from src\main\AndroidManifest.xml:88:9-64
	android:name
		ADDED from src\main\AndroidManifest.xml:88:19-61
activity#afyapepe.mobile.activity.Main3Activity
ADDED from src\main\AndroidManifest.xml:89:9-92:59
	android:label
		ADDED from src\main\AndroidManifest.xml:91:13-57
	android:theme
		ADDED from src\main\AndroidManifest.xml:92:13-56
	android:name
		ADDED from src\main\AndroidManifest.xml:90:13-51
activity#afyapepe.mobile.activity.histyhisto
ADDED from src\main\AndroidManifest.xml:94:9-57
	android:name
		ADDED from src\main\AndroidManifest.xml:94:19-54
activity#afyapepe.mobile.activity.Manufacturers
ADDED from src\main\AndroidManifest.xml:95:9-98:59
	android:label
		ADDED from src\main\AndroidManifest.xml:97:13-29
	android:theme
		ADDED from src\main\AndroidManifest.xml:98:13-56
	android:name
		ADDED from src\main\AndroidManifest.xml:96:13-51
activity#afyapepe.mobile.activity.ManuAddEmployee
ADDED from src\main\AndroidManifest.xml:99:9-103:59
	android:label
		ADDED from src\main\AndroidManifest.xml:101:13-38
	android:parentActivityName
		ADDED from src\main\AndroidManifest.xml:102:13-72
	android:theme
		ADDED from src\main\AndroidManifest.xml:103:13-56
	android:name
		ADDED from src\main\AndroidManifest.xml:100:13-53
activity#afyapepe.mobile.activity.ManuShowAllEmployees
ADDED from src\main\AndroidManifest.xml:104:9-108:59
	android:label
		ADDED from src\main\AndroidManifest.xml:106:13-38
	android:parentActivityName
		ADDED from src\main\AndroidManifest.xml:107:13-65
	android:theme
		ADDED from src\main\AndroidManifest.xml:108:13-56
	android:name
		ADDED from src\main\AndroidManifest.xml:105:13-58
activity#afyapepe.mobile.activity.ManuShowSingleEmployeeActivity
ADDED from src\main\AndroidManifest.xml:109:9-113:59
	android:label
		ADDED from src\main\AndroidManifest.xml:111:13-30
	android:parentActivityName
		ADDED from src\main\AndroidManifest.xml:112:13-72
	android:theme
		ADDED from src\main\AndroidManifest.xml:113:13-56
	android:name
		ADDED from src\main\AndroidManifest.xml:110:13-68
activity#afyapepe.mobile.activity.ManuSalesView
ADDED from src\main\AndroidManifest.xml:114:9-118:59
	android:label
		ADDED from src\main\AndroidManifest.xml:116:13-34
	android:parentActivityName
		ADDED from src\main\AndroidManifest.xml:117:13-65
	android:theme
		ADDED from src\main\AndroidManifest.xml:118:13-56
	android:name
		ADDED from src\main\AndroidManifest.xml:115:13-51
activity#afyapepe.mobile.fragment.ManuByDrug
ADDED from src\main\AndroidManifest.xml:119:9-123:59
	android:label
		ADDED from src\main\AndroidManifest.xml:121:13-34
	android:parentActivityName
		ADDED from src\main\AndroidManifest.xml:122:13-65
	android:theme
		ADDED from src\main\AndroidManifest.xml:123:13-56
	android:name
		ADDED from src\main\AndroidManifest.xml:120:13-48
activity#afyapepe.mobile.fragment.ManuByDoctor
ADDED from src\main\AndroidManifest.xml:124:9-128:59
	android:label
		ADDED from src\main\AndroidManifest.xml:126:13-34
	android:parentActivityName
		ADDED from src\main\AndroidManifest.xml:127:13-65
	android:theme
		ADDED from src\main\AndroidManifest.xml:128:13-56
	android:name
		ADDED from src\main\AndroidManifest.xml:125:13-50
activity#afyapepe.mobile.fragment.ManuByRegion
ADDED from src\main\AndroidManifest.xml:129:9-133:59
	android:label
		ADDED from src\main\AndroidManifest.xml:131:13-34
	android:parentActivityName
		ADDED from src\main\AndroidManifest.xml:132:13-65
	android:theme
		ADDED from src\main\AndroidManifest.xml:133:13-56
	android:name
		ADDED from src\main\AndroidManifest.xml:130:13-50
activity#afyapepe.mobile.activity.ManuStocksView
ADDED from src\main\AndroidManifest.xml:134:9-138:59
	android:label
		ADDED from src\main\AndroidManifest.xml:136:13-40
	android:parentActivityName
		ADDED from src\main\AndroidManifest.xml:137:13-65
	android:theme
		ADDED from src\main\AndroidManifest.xml:138:13-56
	android:name
		ADDED from src\main\AndroidManifest.xml:135:13-52
activity#afyapepe.mobile.activity.WelcomeActivity
ADDED from src\main\AndroidManifest.xml:139:9-62
	android:name
		ADDED from src\main\AndroidManifest.xml:139:19-59
activity#afyapepe.mobile.activity.ManuSingleStockView
ADDED from src\main\AndroidManifest.xml:140:9-144:59
	android:label
		ADDED from src\main\AndroidManifest.xml:142:13-29
	android:parentActivityName
		ADDED from src\main\AndroidManifest.xml:143:13-65
	android:theme
		ADDED from src\main\AndroidManifest.xml:144:13-56
	android:name
		ADDED from src\main\AndroidManifest.xml:141:13-57
activity#afyapepe.mobile.activity.SwipeTest
ADDED from src\main\AndroidManifest.xml:160:9-56
	android:name
		ADDED from src\main\AndroidManifest.xml:160:19-53
activity#afyapepe.mobile.activity.ManuShowSingleSale
ADDED from src\main\AndroidManifest.xml:161:9-165:59
	android:label
		ADDED from src\main\AndroidManifest.xml:163:13-30
	android:parentActivityName
		ADDED from src\main\AndroidManifest.xml:164:13-65
	android:theme
		ADDED from src\main\AndroidManifest.xml:165:13-56
	android:name
		ADDED from src\main\AndroidManifest.xml:162:13-56
activity#afyapepe.mobile.activity.ManuSingleDrugDist
ADDED from src\main\AndroidManifest.xml:166:9-170:59
	android:label
		ADDED from src\main\AndroidManifest.xml:168:13-47
	android:parentActivityName
		ADDED from src\main\AndroidManifest.xml:169:13-65
	android:theme
		ADDED from src\main\AndroidManifest.xml:170:13-56
	android:name
		ADDED from src\main\AndroidManifest.xml:167:13-56
activity#afyapepe.mobile.activity.ManudrugSubView
ADDED from src\main\AndroidManifest.xml:171:9-175:59
	android:label
		ADDED from src\main\AndroidManifest.xml:173:13-47
	android:parentActivityName
		ADDED from src\main\AndroidManifest.xml:174:13-65
	android:theme
		ADDED from src\main\AndroidManifest.xml:175:13-56
	android:name
		ADDED from src\main\AndroidManifest.xml:172:13-53
activity#afyapepe.mobile.activity.ManuEmployeesView
ADDED from src\main\AndroidManifest.xml:176:9-180:59
	android:label
		ADDED from src\main\AndroidManifest.xml:178:13-52
	android:parentActivityName
		ADDED from src\main\AndroidManifest.xml:179:13-65
	android:theme
		ADDED from src\main\AndroidManifest.xml:180:13-56
	android:name
		ADDED from src\main\AndroidManifest.xml:177:13-55
activity#afyapepe.mobile.activity.ManuTrendsView
ADDED from src\main\AndroidManifest.xml:190:9-194:59
	android:label
		ADDED from src\main\AndroidManifest.xml:192:13-48
	android:parentActivityName
		ADDED from src\main\AndroidManifest.xml:193:13-66
	android:theme
		ADDED from src\main\AndroidManifest.xml:194:13-56
	android:name
		ADDED from src\main\AndroidManifest.xml:191:13-52
activity#afyapepe.mobile.activity.ManuTrendToday
ADDED from src\main\AndroidManifest.xml:195:9-199:59
	android:label
		ADDED from src\main\AndroidManifest.xml:197:13-39
	android:parentActivityName
		ADDED from src\main\AndroidManifest.xml:198:13-66
	android:theme
		ADDED from src\main\AndroidManifest.xml:199:13-56
	android:name
		ADDED from src\main\AndroidManifest.xml:196:13-52
activity#afyapepe.mobile.activity.ManuTrendMonth
ADDED from src\main\AndroidManifest.xml:200:9-204:59
	android:label
		ADDED from src\main\AndroidManifest.xml:202:13-41
	android:parentActivityName
		ADDED from src\main\AndroidManifest.xml:203:13-66
	android:theme
		ADDED from src\main\AndroidManifest.xml:204:13-56
	android:name
		ADDED from src\main\AndroidManifest.xml:201:13-52
activity#afyapepe.mobile.activity.ManuTrendWeek
ADDED from src\main\AndroidManifest.xml:205:9-209:59
	android:label
		ADDED from src\main\AndroidManifest.xml:207:13-40
	android:parentActivityName
		ADDED from src\main\AndroidManifest.xml:208:13-66
	android:theme
		ADDED from src\main\AndroidManifest.xml:209:13-56
	android:name
		ADDED from src\main\AndroidManifest.xml:206:13-51
activity#afyapepe.mobile.activity.ManuTrendYear
ADDED from src\main\AndroidManifest.xml:210:9-214:59
	android:label
		ADDED from src\main\AndroidManifest.xml:212:13-40
	android:parentActivityName
		ADDED from src\main\AndroidManifest.xml:213:13-66
	android:theme
		ADDED from src\main\AndroidManifest.xml:214:13-56
	android:name
		ADDED from src\main\AndroidManifest.xml:211:13-51
activity#afyapepe.mobile.activity.ManuSectorSumView
ADDED from src\main\AndroidManifest.xml:215:9-219:59
	android:label
		ADDED from src\main\AndroidManifest.xml:217:13-43
	android:parentActivityName
		ADDED from src\main\AndroidManifest.xml:218:13-66
	android:theme
		ADDED from src\main\AndroidManifest.xml:219:13-56
	android:name
		ADDED from src\main\AndroidManifest.xml:216:13-55
activity#afyapepe.mobile.activity.ManuCompetitionView
ADDED from src\main\AndroidManifest.xml:224:9-228:59
	android:label
		ADDED from src\main\AndroidManifest.xml:226:13-49
	android:parentActivityName
		ADDED from src\main\AndroidManifest.xml:227:13-65
	android:theme
		ADDED from src\main\AndroidManifest.xml:228:13-56
	android:name
		ADDED from src\main\AndroidManifest.xml:225:13-57
activity#afyapepe.mobile.activity.ManuCompeSalesToday
ADDED from src\main\AndroidManifest.xml:229:9-233:59
	android:label
		ADDED from src\main\AndroidManifest.xml:231:13-58
	android:parentActivityName
		ADDED from src\main\AndroidManifest.xml:232:13-71
	android:theme
		ADDED from src\main\AndroidManifest.xml:233:13-56
	android:name
		ADDED from src\main\AndroidManifest.xml:230:13-57
activity#afyapepe.mobile.activity.ManuCompeRegion
ADDED from src\main\AndroidManifest.xml:234:9-238:59
	android:label
		ADDED from src\main\AndroidManifest.xml:236:13-59
	android:parentActivityName
		ADDED from src\main\AndroidManifest.xml:237:13-71
	android:theme
		ADDED from src\main\AndroidManifest.xml:238:13-56
	android:name
		ADDED from src\main\AndroidManifest.xml:235:13-53
activity#afyapepe.mobile.activity.ManuCompeDoctor
ADDED from src\main\AndroidManifest.xml:239:9-243:59
	android:label
		ADDED from src\main\AndroidManifest.xml:241:13-59
	android:parentActivityName
		ADDED from src\main\AndroidManifest.xml:242:13-71
	android:theme
		ADDED from src\main\AndroidManifest.xml:243:13-56
	android:name
		ADDED from src\main\AndroidManifest.xml:240:13-53
activity#afyapepe.mobile.activity.ManuCompeDrugs
ADDED from src\main\AndroidManifest.xml:244:9-248:59
	android:label
		ADDED from src\main\AndroidManifest.xml:246:13-58
	android:parentActivityName
		ADDED from src\main\AndroidManifest.xml:247:13-71
	android:theme
		ADDED from src\main\AndroidManifest.xml:248:13-56
	android:name
		ADDED from src\main\AndroidManifest.xml:245:13-52
activity#afyapepe.mobile.activity.ManuUpdateEmployeeActivity
ADDED from src\main\AndroidManifest.xml:249:9-253:59
	android:label
		ADDED from src\main\AndroidManifest.xml:251:13-42
	android:parentActivityName
		ADDED from src\main\AndroidManifest.xml:252:13-69
	android:theme
		ADDED from src\main\AndroidManifest.xml:253:13-56
	android:name
		ADDED from src\main\AndroidManifest.xml:250:13-64
activity#afyapepe.mobile.activity.ManuTrendSubToday
ADDED from src\main\AndroidManifest.xml:254:9-258:59
	android:label
		ADDED from src\main\AndroidManifest.xml:256:13-52
	android:parentActivityName
		ADDED from src\main\AndroidManifest.xml:257:13-66
	android:theme
		ADDED from src\main\AndroidManifest.xml:258:13-56
	android:name
		ADDED from src\main\AndroidManifest.xml:255:13-55
activity#afyapepe.mobile.activity.ManuTrendSubYear
ADDED from src\main\AndroidManifest.xml:259:9-263:59
	android:label
		ADDED from src\main\AndroidManifest.xml:261:13-52
	android:parentActivityName
		ADDED from src\main\AndroidManifest.xml:262:13-66
	android:theme
		ADDED from src\main\AndroidManifest.xml:263:13-56
	android:name
		ADDED from src\main\AndroidManifest.xml:260:13-54
activity#afyapepe.mobile.activity.ManuTrendSubWeek
ADDED from src\main\AndroidManifest.xml:264:9-268:59
	android:label
		ADDED from src\main\AndroidManifest.xml:266:13-52
	android:parentActivityName
		ADDED from src\main\AndroidManifest.xml:267:13-66
	android:theme
		ADDED from src\main\AndroidManifest.xml:268:13-56
	android:name
		ADDED from src\main\AndroidManifest.xml:265:13-54
activity#afyapepe.mobile.activity.MAnuTrendSubMonth
ADDED from src\main\AndroidManifest.xml:269:9-273:59
	android:label
		ADDED from src\main\AndroidManifest.xml:271:13-52
	android:parentActivityName
		ADDED from src\main\AndroidManifest.xml:272:13-66
	android:theme
		ADDED from src\main\AndroidManifest.xml:273:13-56
	android:name
		ADDED from src\main\AndroidManifest.xml:270:13-55
activity#afyapepe.mobile.activity.ManuEmail
ADDED from src\main\AndroidManifest.xml:274:9-278:59
	android:label
		ADDED from src\main\AndroidManifest.xml:276:13-62
	android:parentActivityName
		ADDED from src\main\AndroidManifest.xml:277:13-65
	android:theme
		ADDED from src\main\AndroidManifest.xml:278:13-56
	android:name
		ADDED from src\main\AndroidManifest.xml:275:13-47
activity#afyapepe.mobile.activity.ManuTrendTodayCo
ADDED from src\main\AndroidManifest.xml:279:9-283:59
	android:label
		ADDED from src\main\AndroidManifest.xml:281:13-47
	android:parentActivityName
		ADDED from src\main\AndroidManifest.xml:282:13-66
	android:theme
		ADDED from src\main\AndroidManifest.xml:283:13-56
	android:name
		ADDED from src\main\AndroidManifest.xml:280:13-54
activity#afyapepe.mobile.activity.ManuTrendMonthCo
ADDED from src\main\AndroidManifest.xml:284:9-288:59
	android:label
		ADDED from src\main\AndroidManifest.xml:286:13-47
	android:parentActivityName
		ADDED from src\main\AndroidManifest.xml:287:13-66
	android:theme
		ADDED from src\main\AndroidManifest.xml:288:13-56
	android:name
		ADDED from src\main\AndroidManifest.xml:285:13-54
activity#afyapepe.mobile.activity.MAnuTrendWeekCo
ADDED from src\main\AndroidManifest.xml:289:9-293:59
	android:label
		ADDED from src\main\AndroidManifest.xml:291:13-47
	android:parentActivityName
		ADDED from src\main\AndroidManifest.xml:292:13-66
	android:theme
		ADDED from src\main\AndroidManifest.xml:293:13-56
	android:name
		ADDED from src\main\AndroidManifest.xml:290:13-53
activity#afyapepe.mobile.activity.ManuTrendYearCo
ADDED from src\main\AndroidManifest.xml:294:9-298:59
	android:label
		ADDED from src\main\AndroidManifest.xml:296:13-47
	android:parentActivityName
		ADDED from src\main\AndroidManifest.xml:297:13-66
	android:theme
		ADDED from src\main\AndroidManifest.xml:298:13-56
	android:name
		ADDED from src\main\AndroidManifest.xml:295:13-53
activity#afyapepe.mobile.activity.ManuTrendTodayD
ADDED from src\main\AndroidManifest.xml:299:9-303:59
	android:label
		ADDED from src\main\AndroidManifest.xml:301:13-45
	android:parentActivityName
		ADDED from src\main\AndroidManifest.xml:302:13-66
	android:theme
		ADDED from src\main\AndroidManifest.xml:303:13-56
	android:name
		ADDED from src\main\AndroidManifest.xml:300:13-53
activity#afyapepe.mobile.activity.ManuTrendWeekD
ADDED from src\main\AndroidManifest.xml:304:9-308:59
	android:label
		ADDED from src\main\AndroidManifest.xml:306:13-44
	android:parentActivityName
		ADDED from src\main\AndroidManifest.xml:307:13-66
	android:theme
		ADDED from src\main\AndroidManifest.xml:308:13-56
	android:name
		ADDED from src\main\AndroidManifest.xml:305:13-52
activity#afyapepe.mobile.activity.ManuTrendMonthD
ADDED from src\main\AndroidManifest.xml:309:9-313:59
	android:label
		ADDED from src\main\AndroidManifest.xml:311:13-44
	android:parentActivityName
		ADDED from src\main\AndroidManifest.xml:312:13-66
	android:theme
		ADDED from src\main\AndroidManifest.xml:313:13-56
	android:name
		ADDED from src\main\AndroidManifest.xml:310:13-53
activity#afyapepe.mobile.activity.ManuTrendYearD
ADDED from src\main\AndroidManifest.xml:314:9-318:59
	android:label
		ADDED from src\main\AndroidManifest.xml:316:13-44
	android:parentActivityName
		ADDED from src\main\AndroidManifest.xml:317:13-66
	android:theme
		ADDED from src\main\AndroidManifest.xml:318:13-56
	android:name
		ADDED from src\main\AndroidManifest.xml:315:13-52
activity#afyapepe.mobile.activity.ManuTrendTodayR
ADDED from src\main\AndroidManifest.xml:319:9-323:59
	android:label
		ADDED from src\main\AndroidManifest.xml:321:13-45
	android:parentActivityName
		ADDED from src\main\AndroidManifest.xml:322:13-66
	android:theme
		ADDED from src\main\AndroidManifest.xml:323:13-56
	android:name
		ADDED from src\main\AndroidManifest.xml:320:13-53
activity#afyapepe.mobile.activity.ManuTrendWeekR
ADDED from src\main\AndroidManifest.xml:324:9-328:59
	android:label
		ADDED from src\main\AndroidManifest.xml:326:13-45
	android:parentActivityName
		ADDED from src\main\AndroidManifest.xml:327:13-66
	android:theme
		ADDED from src\main\AndroidManifest.xml:328:13-56
	android:name
		ADDED from src\main\AndroidManifest.xml:325:13-52
activity#afyapepe.mobile.activity.ManuTrendMonthR
ADDED from src\main\AndroidManifest.xml:329:9-333:59
	android:label
		ADDED from src\main\AndroidManifest.xml:331:13-45
	android:parentActivityName
		ADDED from src\main\AndroidManifest.xml:332:13-66
	android:theme
		ADDED from src\main\AndroidManifest.xml:333:13-56
	android:name
		ADDED from src\main\AndroidManifest.xml:330:13-53
activity#afyapepe.mobile.activity.ManuTrendYearR
ADDED from src\main\AndroidManifest.xml:334:9-338:59
	android:label
		ADDED from src\main\AndroidManifest.xml:336:13-45
	android:parentActivityName